Error: bind EADDRINUSE 0.0.0.0:3111
    at listenOnPrimaryHandle (node:net:1989:18)
    at rr (node:internal/cluster/child:163:12)
    at Worker.<anonymous> (node:internal/cluster/child:113:7)
    at process.onInternalMessage (node:internal/cluster/utils:49:5)
    at process.emit (node:events:536:35)
    at emit (node:internal/child_process:950:14)
    at process.processTicksAndRejections (node:internal/process/task_queues:83:21)
Error: bind EADDRINUSE 0.0.0.0:3111
    at listenOnPrimaryHandle (node:net:1989:18)
    at rr (node:internal/cluster/child:163:12)
    at Worker.<anonymous> (node:internal/cluster/child:113:7)
    at process.onInternalMessage (node:internal/cluster/utils:49:5)
    at process.emit (node:events:536:35)
    at emit (node:internal/child_process:950:14)
    at process.processTicksAndRejections (node:internal/process/task_queues:83:21)
Error: bind EADDRINUSE 0.0.0.0:3111
    at listenOnPrimaryHandle (node:net:1989:18)
    at rr (node:internal/cluster/child:163:12)
    at Worker.<anonymous> (node:internal/cluster/child:113:7)
    at process.onInternalMessage (node:internal/cluster/utils:49:5)
    at process.emit (node:events:536:35)
    at emit (node:internal/child_process:950:14)
    at process.processTicksAndRejections (node:internal/process/task_queues:83:21)
Error: bind EADDRINUSE 0.0.0.0:3111
    at listenOnPrimaryHandle (node:net:1989:18)
    at rr (node:internal/cluster/child:163:12)
    at Worker.<anonymous> (node:internal/cluster/child:113:7)
    at process.onInternalMessage (node:internal/cluster/utils:49:5)
    at process.emit (node:events:536:35)
    at emit (node:internal/child_process:950:14)
    at process.processTicksAndRejections (node:internal/process/task_queues:83:21)
Error: bind EADDRINUSE 0.0.0.0:3111
    at listenOnPrimaryHandle (node:net:1989:18)
    at rr (node:internal/cluster/child:163:12)
    at Worker.<anonymous> (node:internal/cluster/child:113:7)
    at process.onInternalMessage (node:internal/cluster/utils:49:5)
    at process.emit (node:events:536:35)
    at emit (node:internal/child_process:950:14)
    at process.processTicksAndRejections (node:internal/process/task_queues:83:21)
Error: bind EADDRINUSE 0.0.0.0:3111
    at listenOnPrimaryHandle (node:net:1989:18)
    at rr (node:internal/cluster/child:163:12)
    at Worker.<anonymous> (node:internal/cluster/child:113:7)
    at process.onInternalMessage (node:internal/cluster/utils:49:5)
    at process.emit (node:events:536:35)
    at emit (node:internal/child_process:950:14)
    at process.processTicksAndRejections (node:internal/process/task_queues:83:21)
Error: bind EADDRINUSE 0.0.0.0:3111
    at listenOnPrimaryHandle (node:net:1989:18)
    at rr (node:internal/cluster/child:163:12)
    at Worker.<anonymous> (node:internal/cluster/child:113:7)
    at process.onInternalMessage (node:internal/cluster/utils:49:5)
    at process.emit (node:events:536:35)
    at emit (node:internal/child_process:950:14)
    at process.processTicksAndRejections (node:internal/process/task_queues:83:21)
Error: bind EADDRINUSE 0.0.0.0:3111
    at listenOnPrimaryHandle (node:net:1989:18)
    at rr (node:internal/cluster/child:163:12)
    at Worker.<anonymous> (node:internal/cluster/child:113:7)
    at process.onInternalMessage (node:internal/cluster/utils:49:5)
    at process.emit (node:events:536:35)
    at emit (node:internal/child_process:950:14)
    at process.processTicksAndRejections (node:internal/process/task_queues:83:21)
Error: bind EADDRINUSE 0.0.0.0:3111
    at listenOnPrimaryHandle (node:net:1989:18)
    at rr (node:internal/cluster/child:163:12)
    at Worker.<anonymous> (node:internal/cluster/child:113:7)
    at process.onInternalMessage (node:internal/cluster/utils:49:5)
    at process.emit (node:events:536:35)
    at emit (node:internal/child_process:950:14)
    at process.processTicksAndRejections (node:internal/process/task_queues:83:21)
Error: bind EADDRINUSE 0.0.0.0:3111
    at listenOnPrimaryHandle (node:net:1989:18)
    at rr (node:internal/cluster/child:163:12)
    at Worker.<anonymous> (node:internal/cluster/child:113:7)
    at process.onInternalMessage (node:internal/cluster/utils:49:5)
    at process.emit (node:events:536:35)
    at emit (node:internal/child_process:950:14)
    at process.processTicksAndRejections (node:internal/process/task_queues:83:21)
Error: bind EADDRINUSE 0.0.0.0:3111
    at listenOnPrimaryHandle (node:net:1989:18)
    at rr (node:internal/cluster/child:163:12)
    at Worker.<anonymous> (node:internal/cluster/child:113:7)
    at process.onInternalMessage (node:internal/cluster/utils:49:5)
    at process.emit (node:events:536:35)
    at emit (node:internal/child_process:950:14)
    at process.processTicksAndRejections (node:internal/process/task_queues:83:21)
Error: bind EADDRINUSE 0.0.0.0:3111
    at listenOnPrimaryHandle (node:net:1989:18)
    at rr (node:internal/cluster/child:163:12)
    at Worker.<anonymous> (node:internal/cluster/child:113:7)
    at process.onInternalMessage (node:internal/cluster/utils:49:5)
    at process.emit (node:events:536:35)
    at emit (node:internal/child_process:950:14)
    at process.processTicksAndRejections (node:internal/process/task_queues:83:21)
Error: bind EADDRINUSE 0.0.0.0:3111
    at listenOnPrimaryHandle (node:net:1989:18)
    at rr (node:internal/cluster/child:163:12)
    at Worker.<anonymous> (node:internal/cluster/child:113:7)
    at process.onInternalMessage (node:internal/cluster/utils:49:5)
    at process.emit (node:events:536:35)
    at emit (node:internal/child_process:950:14)
    at process.processTicksAndRejections (node:internal/process/task_queues:83:21)
Error: bind EADDRINUSE 0.0.0.0:3111
    at listenOnPrimaryHandle (node:net:1989:18)
    at rr (node:internal/cluster/child:163:12)
    at Worker.<anonymous> (node:internal/cluster/child:113:7)
    at process.onInternalMessage (node:internal/cluster/utils:49:5)
    at process.emit (node:events:536:35)
    at emit (node:internal/child_process:950:14)
    at process.processTicksAndRejections (node:internal/process/task_queues:83:21)
Error: bind EADDRINUSE 0.0.0.0:3111
    at listenOnPrimaryHandle (node:net:1989:18)
    at rr (node:internal/cluster/child:163:12)
    at Worker.<anonymous> (node:internal/cluster/child:113:7)
    at process.onInternalMessage (node:internal/cluster/utils:49:5)
    at process.emit (node:events:536:35)
    at emit (node:internal/child_process:950:14)
    at process.processTicksAndRejections (node:internal/process/task_queues:83:21)
Error: bind EADDRINUSE 0.0.0.0:3111
    at listenOnPrimaryHandle (node:net:1989:18)
    at rr (node:internal/cluster/child:163:12)
    at Worker.<anonymous> (node:internal/cluster/child:113:7)
    at process.onInternalMessage (node:internal/cluster/utils:49:5)
    at process.emit (node:events:536:35)
    at emit (node:internal/child_process:950:14)
    at process.processTicksAndRejections (node:internal/process/task_queues:83:21)
Error: bind EADDRINUSE 0.0.0.0:3111
    at listenOnPrimaryHandle (node:net:1989:18)
    at rr (node:internal/cluster/child:163:12)
    at Worker.<anonymous> (node:internal/cluster/child:113:7)
    at process.onInternalMessage (node:internal/cluster/utils:49:5)
    at process.emit (node:events:536:35)
    at emit (node:internal/child_process:950:14)
    at process.processTicksAndRejections (node:internal/process/task_queues:83:21)
Error: bind EADDRINUSE 0.0.0.0:3111
    at listenOnPrimaryHandle (node:net:1989:18)
    at rr (node:internal/cluster/child:163:12)
    at Worker.<anonymous> (node:internal/cluster/child:113:7)
    at process.onInternalMessage (node:internal/cluster/utils:49:5)
    at process.emit (node:events:536:35)
    at emit (node:internal/child_process:950:14)
    at process.processTicksAndRejections (node:internal/process/task_queues:83:21)
Error: bind EADDRINUSE 0.0.0.0:3111
    at listenOnPrimaryHandle (node:net:1989:18)
    at rr (node:internal/cluster/child:163:12)
    at Worker.<anonymous> (node:internal/cluster/child:113:7)
    at process.onInternalMessage (node:internal/cluster/utils:49:5)
    at process.emit (node:events:536:35)
    at emit (node:internal/child_process:950:14)
    at process.processTicksAndRejections (node:internal/process/task_queues:83:21)
Error: bind EADDRINUSE 0.0.0.0:3111
    at listenOnPrimaryHandle (node:net:1989:18)
    at rr (node:internal/cluster/child:163:12)
    at Worker.<anonymous> (node:internal/cluster/child:113:7)
    at process.onInternalMessage (node:internal/cluster/utils:49:5)
    at process.emit (node:events:536:35)
    at emit (node:internal/child_process:950:14)
    at process.processTicksAndRejections (node:internal/process/task_queues:83:21)
Error: bind EADDRINUSE 0.0.0.0:3111
    at listenOnPrimaryHandle (node:net:1989:18)
    at rr (node:internal/cluster/child:163:12)
    at Worker.<anonymous> (node:internal/cluster/child:113:7)
    at process.onInternalMessage (node:internal/cluster/utils:49:5)
    at process.emit (node:events:536:35)
    at emit (node:internal/child_process:950:14)
    at process.processTicksAndRejections (node:internal/process/task_queues:83:21)
Error: bind EADDRINUSE 0.0.0.0:3111
    at listenOnPrimaryHandle (node:net:1989:18)
    at rr (node:internal/cluster/child:163:12)
    at Worker.<anonymous> (node:internal/cluster/child:113:7)
    at process.onInternalMessage (node:internal/cluster/utils:49:5)
    at process.emit (node:events:536:35)
    at emit (node:internal/child_process:950:14)
    at process.processTicksAndRejections (node:internal/process/task_queues:83:21)
Error: bind EADDRINUSE 0.0.0.0:3111
    at listenOnPrimaryHandle (node:net:1989:18)
    at rr (node:internal/cluster/child:163:12)
    at Worker.<anonymous> (node:internal/cluster/child:113:7)
    at process.onInternalMessage (node:internal/cluster/utils:49:5)
    at process.emit (node:events:536:35)
    at emit (node:internal/child_process:950:14)
    at process.processTicksAndRejections (node:internal/process/task_queues:83:21)
Error: bind EADDRINUSE 0.0.0.0:3111
    at listenOnPrimaryHandle (node:net:1989:18)
    at rr (node:internal/cluster/child:163:12)
    at Worker.<anonymous> (node:internal/cluster/child:113:7)
    at process.onInternalMessage (node:internal/cluster/utils:49:5)
    at process.emit (node:events:536:35)
    at emit (node:internal/child_process:950:14)
    at process.processTicksAndRejections (node:internal/process/task_queues:83:21)
Error: bind EADDRINUSE 0.0.0.0:3111
    at listenOnPrimaryHandle (node:net:1989:18)
    at rr (node:internal/cluster/child:163:12)
    at Worker.<anonymous> (node:internal/cluster/child:113:7)
    at process.onInternalMessage (node:internal/cluster/utils:49:5)
    at process.emit (node:events:536:35)
    at emit (node:internal/child_process:950:14)
    at process.processTicksAndRejections (node:internal/process/task_queues:83:21)
Error: bind EADDRINUSE 0.0.0.0:3111
    at listenOnPrimaryHandle (node:net:1989:18)
    at rr (node:internal/cluster/child:163:12)
    at Worker.<anonymous> (node:internal/cluster/child:113:7)
    at process.onInternalMessage (node:internal/cluster/utils:49:5)
    at process.emit (node:events:536:35)
    at emit (node:internal/child_process:950:14)
    at process.processTicksAndRejections (node:internal/process/task_queues:83:21)
Error: bind EADDRINUSE 0.0.0.0:3111
    at listenOnPrimaryHandle (node:net:1989:18)
    at rr (node:internal/cluster/child:163:12)
    at Worker.<anonymous> (node:internal/cluster/child:113:7)
    at process.onInternalMessage (node:internal/cluster/utils:49:5)
    at process.emit (node:events:536:35)
    at emit (node:internal/child_process:950:14)
    at process.processTicksAndRejections (node:internal/process/task_queues:83:21)
Error: bind EADDRINUSE 0.0.0.0:3111
    at listenOnPrimaryHandle (node:net:1989:18)
    at rr (node:internal/cluster/child:163:12)
    at Worker.<anonymous> (node:internal/cluster/child:113:7)
    at process.onInternalMessage (node:internal/cluster/utils:49:5)
    at process.emit (node:events:536:35)
    at emit (node:internal/child_process:950:14)
    at process.processTicksAndRejections (node:internal/process/task_queues:83:21)
Error: bind EADDRINUSE 0.0.0.0:3111
    at listenOnPrimaryHandle (node:net:1989:18)
    at rr (node:internal/cluster/child:163:12)
    at Worker.<anonymous> (node:internal/cluster/child:113:7)
    at process.onInternalMessage (node:internal/cluster/utils:49:5)
    at process.emit (node:events:536:35)
    at emit (node:internal/child_process:950:14)
    at process.processTicksAndRejections (node:internal/process/task_queues:83:21)
Error: bind EADDRINUSE 0.0.0.0:3111
    at listenOnPrimaryHandle (node:net:1989:18)
    at rr (node:internal/cluster/child:163:12)
    at Worker.<anonymous> (node:internal/cluster/child:113:7)
    at process.onInternalMessage (node:internal/cluster/utils:49:5)
    at process.emit (node:events:536:35)
    at emit (node:internal/child_process:950:14)
    at process.processTicksAndRejections (node:internal/process/task_queues:83:21)
Error: bind EADDRINUSE 0.0.0.0:3111
    at listenOnPrimaryHandle (node:net:1989:18)
    at rr (node:internal/cluster/child:163:12)
    at Worker.<anonymous> (node:internal/cluster/child:113:7)
    at process.onInternalMessage (node:internal/cluster/utils:49:5)
    at process.emit (node:events:536:35)
    at emit (node:internal/child_process:950:14)
    at process.processTicksAndRejections (node:internal/process/task_queues:83:21)
Error: bind EADDRINUSE 0.0.0.0:3111
    at listenOnPrimaryHandle (node:net:1989:18)
    at rr (node:internal/cluster/child:163:12)
    at Worker.<anonymous> (node:internal/cluster/child:113:7)
    at process.onInternalMessage (node:internal/cluster/utils:49:5)
    at process.emit (node:events:536:35)
    at emit (node:internal/child_process:950:14)
    at process.processTicksAndRejections (node:internal/process/task_queues:83:21)
Error: bind EADDRINUSE 0.0.0.0:3111
    at listenOnPrimaryHandle (node:net:1989:18)
    at rr (node:internal/cluster/child:163:12)
    at Worker.<anonymous> (node:internal/cluster/child:113:7)
    at process.onInternalMessage (node:internal/cluster/utils:49:5)
    at process.emit (node:events:536:35)
    at emit (node:internal/child_process:950:14)
    at process.processTicksAndRejections (node:internal/process/task_queues:83:21)
Error: bind EADDRINUSE 0.0.0.0:3111
    at listenOnPrimaryHandle (node:net:1989:18)
    at rr (node:internal/cluster/child:163:12)
    at Worker.<anonymous> (node:internal/cluster/child:113:7)
    at process.onInternalMessage (node:internal/cluster/utils:49:5)
    at process.emit (node:events:536:35)
    at emit (node:internal/child_process:950:14)
    at process.processTicksAndRejections (node:internal/process/task_queues:83:21)
Error: bind EADDRINUSE 0.0.0.0:3111
    at listenOnPrimaryHandle (node:net:1989:18)
    at rr (node:internal/cluster/child:163:12)
    at Worker.<anonymous> (node:internal/cluster/child:113:7)
    at process.onInternalMessage (node:internal/cluster/utils:49:5)
    at process.emit (node:events:536:35)
    at emit (node:internal/child_process:950:14)
    at process.processTicksAndRejections (node:internal/process/task_queues:83:21)
Error: bind EADDRINUSE 0.0.0.0:3111
    at listenOnPrimaryHandle (node:net:1989:18)
    at rr (node:internal/cluster/child:163:12)
    at Worker.<anonymous> (node:internal/cluster/child:113:7)
    at process.onInternalMessage (node:internal/cluster/utils:49:5)
    at process.emit (node:events:536:35)
    at emit (node:internal/child_process:950:14)
    at process.processTicksAndRejections (node:internal/process/task_queues:83:21)
Error: bind EADDRINUSE 0.0.0.0:3111
    at listenOnPrimaryHandle (node:net:1989:18)
    at rr (node:internal/cluster/child:163:12)
    at Worker.<anonymous> (node:internal/cluster/child:113:7)
    at process.onInternalMessage (node:internal/cluster/utils:49:5)
    at process.emit (node:events:536:35)
    at emit (node:internal/child_process:950:14)
    at process.processTicksAndRejections (node:internal/process/task_queues:83:21)
Error: bind EADDRINUSE 0.0.0.0:3111
    at listenOnPrimaryHandle (node:net:1989:18)
    at rr (node:internal/cluster/child:163:12)
    at Worker.<anonymous> (node:internal/cluster/child:113:7)
    at process.onInternalMessage (node:internal/cluster/utils:49:5)
    at process.emit (node:events:536:35)
    at emit (node:internal/child_process:950:14)
    at process.processTicksAndRejections (node:internal/process/task_queues:83:21)
Error: bind EADDRINUSE 0.0.0.0:3111
    at listenOnPrimaryHandle (node:net:1989:18)
    at rr (node:internal/cluster/child:163:12)
    at Worker.<anonymous> (node:internal/cluster/child:113:7)
    at process.onInternalMessage (node:internal/cluster/utils:49:5)
    at process.emit (node:events:536:35)
    at emit (node:internal/child_process:950:14)
    at process.processTicksAndRejections (node:internal/process/task_queues:83:21)
Error: bind EADDRINUSE 0.0.0.0:3111
    at listenOnPrimaryHandle (node:net:1989:18)
    at rr (node:internal/cluster/child:163:12)
    at Worker.<anonymous> (node:internal/cluster/child:113:7)
    at process.onInternalMessage (node:internal/cluster/utils:49:5)
    at process.emit (node:events:536:35)
    at emit (node:internal/child_process:950:14)
    at process.processTicksAndRejections (node:internal/process/task_queues:83:21)
Error: bind EADDRINUSE 0.0.0.0:3111
    at listenOnPrimaryHandle (node:net:1989:18)
    at rr (node:internal/cluster/child:163:12)
    at Worker.<anonymous> (node:internal/cluster/child:113:7)
    at process.onInternalMessage (node:internal/cluster/utils:49:5)
    at process.emit (node:events:536:35)
    at emit (node:internal/child_process:950:14)
    at process.processTicksAndRejections (node:internal/process/task_queues:83:21)
Error: bind EADDRINUSE 0.0.0.0:3111
    at listenOnPrimaryHandle (node:net:1989:18)
    at rr (node:internal/cluster/child:163:12)
    at Worker.<anonymous> (node:internal/cluster/child:113:7)
    at process.onInternalMessage (node:internal/cluster/utils:49:5)
    at process.emit (node:events:536:35)
    at emit (node:internal/child_process:950:14)
    at process.processTicksAndRejections (node:internal/process/task_queues:83:21)
Error: bind EADDRINUSE 0.0.0.0:3111
    at listenOnPrimaryHandle (node:net:1989:18)
    at rr (node:internal/cluster/child:163:12)
    at Worker.<anonymous> (node:internal/cluster/child:113:7)
    at process.onInternalMessage (node:internal/cluster/utils:49:5)
    at process.emit (node:events:536:35)
    at emit (node:internal/child_process:950:14)
    at process.processTicksAndRejections (node:internal/process/task_queues:83:21)
Error: bind EADDRINUSE 0.0.0.0:3111
    at listenOnPrimaryHandle (node:net:1989:18)
    at rr (node:internal/cluster/child:163:12)
    at Worker.<anonymous> (node:internal/cluster/child:113:7)
    at process.onInternalMessage (node:internal/cluster/utils:49:5)
    at process.emit (node:events:536:35)
    at emit (node:internal/child_process:950:14)
    at process.processTicksAndRejections (node:internal/process/task_queues:83:21)
Error: bind EADDRINUSE 0.0.0.0:3111
    at listenOnPrimaryHandle (node:net:1989:18)
    at rr (node:internal/cluster/child:163:12)
    at Worker.<anonymous> (node:internal/cluster/child:113:7)
    at process.onInternalMessage (node:internal/cluster/utils:49:5)
    at process.emit (node:events:536:35)
    at emit (node:internal/child_process:950:14)
    at process.processTicksAndRejections (node:internal/process/task_queues:83:21)
Error: bind EADDRINUSE 0.0.0.0:3111
    at listenOnPrimaryHandle (node:net:1989:18)
    at rr (node:internal/cluster/child:163:12)
    at Worker.<anonymous> (node:internal/cluster/child:113:7)
    at process.onInternalMessage (node:internal/cluster/utils:49:5)
    at process.emit (node:events:536:35)
    at emit (node:internal/child_process:950:14)
    at process.processTicksAndRejections (node:internal/process/task_queues:83:21)
Error: bind EADDRINUSE 0.0.0.0:3111
    at listenOnPrimaryHandle (node:net:1989:18)
    at rr (node:internal/cluster/child:163:12)
    at Worker.<anonymous> (node:internal/cluster/child:113:7)
    at process.onInternalMessage (node:internal/cluster/utils:49:5)
    at process.emit (node:events:536:35)
    at emit (node:internal/child_process:950:14)
    at process.processTicksAndRejections (node:internal/process/task_queues:83:21)
Error: bind EADDRINUSE 0.0.0.0:3111
    at listenOnPrimaryHandle (node:net:1989:18)
    at rr (node:internal/cluster/child:163:12)
    at Worker.<anonymous> (node:internal/cluster/child:113:7)
    at process.onInternalMessage (node:internal/cluster/utils:49:5)
    at process.emit (node:events:536:35)
    at emit (node:internal/child_process:950:14)
    at process.processTicksAndRejections (node:internal/process/task_queues:83:21)
Error: bind EADDRINUSE 0.0.0.0:3111
    at listenOnPrimaryHandle (node:net:1989:18)
    at rr (node:internal/cluster/child:163:12)
    at Worker.<anonymous> (node:internal/cluster/child:113:7)
    at process.onInternalMessage (node:internal/cluster/utils:49:5)
    at process.emit (node:events:536:35)
    at emit (node:internal/child_process:950:14)
    at process.processTicksAndRejections (node:internal/process/task_queues:83:21)
Error: bind EADDRINUSE 0.0.0.0:3111
    at listenOnPrimaryHandle (node:net:1989:18)
    at rr (node:internal/cluster/child:163:12)
    at Worker.<anonymous> (node:internal/cluster/child:113:7)
    at process.onInternalMessage (node:internal/cluster/utils:49:5)
    at process.emit (node:events:536:35)
    at emit (node:internal/child_process:950:14)
    at process.processTicksAndRejections (node:internal/process/task_queues:83:21)
Error: bind EADDRINUSE 0.0.0.0:3111
    at listenOnPrimaryHandle (node:net:1989:18)
    at rr (node:internal/cluster/child:163:12)
    at Worker.<anonymous> (node:internal/cluster/child:113:7)
    at process.onInternalMessage (node:internal/cluster/utils:49:5)
    at process.emit (node:events:536:35)
    at emit (node:internal/child_process:950:14)
    at process.processTicksAndRejections (node:internal/process/task_queues:83:21)
Error: bind EADDRINUSE 0.0.0.0:3111
    at listenOnPrimaryHandle (node:net:1989:18)
    at rr (node:internal/cluster/child:163:12)
    at Worker.<anonymous> (node:internal/cluster/child:113:7)
    at process.onInternalMessage (node:internal/cluster/utils:49:5)
    at process.emit (node:events:536:35)
    at emit (node:internal/child_process:950:14)
    at process.processTicksAndRejections (node:internal/process/task_queues:83:21)
Error: bind EADDRINUSE 0.0.0.0:3111
    at listenOnPrimaryHandle (node:net:1989:18)
    at rr (node:internal/cluster/child:163:12)
    at Worker.<anonymous> (node:internal/cluster/child:113:7)
    at process.onInternalMessage (node:internal/cluster/utils:49:5)
    at process.emit (node:events:536:35)
    at emit (node:internal/child_process:950:14)
    at process.processTicksAndRejections (node:internal/process/task_queues:83:21)
Error: bind EADDRINUSE 0.0.0.0:3111
    at listenOnPrimaryHandle (node:net:1989:18)
    at rr (node:internal/cluster/child:163:12)
    at Worker.<anonymous> (node:internal/cluster/child:113:7)
    at process.onInternalMessage (node:internal/cluster/utils:49:5)
    at process.emit (node:events:536:35)
    at emit (node:internal/child_process:950:14)
    at process.processTicksAndRejections (node:internal/process/task_queues:83:21)
Error: bind EADDRINUSE 0.0.0.0:3111
    at listenOnPrimaryHandle (node:net:1989:18)
    at rr (node:internal/cluster/child:163:12)
    at Worker.<anonymous> (node:internal/cluster/child:113:7)
    at process.onInternalMessage (node:internal/cluster/utils:49:5)
    at process.emit (node:events:536:35)
    at emit (node:internal/child_process:950:14)
    at process.processTicksAndRejections (node:internal/process/task_queues:83:21)
Error: bind EADDRINUSE 0.0.0.0:3111
    at listenOnPrimaryHandle (node:net:1989:18)
    at rr (node:internal/cluster/child:163:12)
    at Worker.<anonymous> (node:internal/cluster/child:113:7)
    at process.onInternalMessage (node:internal/cluster/utils:49:5)
    at process.emit (node:events:536:35)
    at emit (node:internal/child_process:950:14)
    at process.processTicksAndRejections (node:internal/process/task_queues:83:21)
Error: bind EADDRINUSE 0.0.0.0:3111
    at listenOnPrimaryHandle (node:net:1989:18)
    at rr (node:internal/cluster/child:163:12)
    at Worker.<anonymous> (node:internal/cluster/child:113:7)
    at process.onInternalMessage (node:internal/cluster/utils:49:5)
    at process.emit (node:events:536:35)
    at emit (node:internal/child_process:950:14)
    at process.processTicksAndRejections (node:internal/process/task_queues:83:21)
Error: bind EADDRINUSE 0.0.0.0:3111
    at listenOnPrimaryHandle (node:net:1989:18)
    at rr (node:internal/cluster/child:163:12)
    at Worker.<anonymous> (node:internal/cluster/child:113:7)
    at process.onInternalMessage (node:internal/cluster/utils:49:5)
    at process.emit (node:events:536:35)
    at emit (node:internal/child_process:950:14)
    at process.processTicksAndRejections (node:internal/process/task_queues:83:21)
2025-04-27 17:23:34: Error selecting system: Error: 不支持的系统类型
    at MainModelService.selectSystem (/home/cloud_server/nxg/edgeSide_business/backend/services/mainModel.js:19:23)
    at exports.selectSystem (/home/cloud_server/nxg/edgeSide_business/backend/controllers/mainModel.js:13:47)
    at Layer.handle [as handle_request] (/home/cloud_server/nxg/edgeSide_business/backend/node_modules/express/lib/router/layer.js:95:5)
    at next (/home/cloud_server/nxg/edgeSide_business/backend/node_modules/express/lib/router/route.js:149:13)
    at Route.dispatch (/home/cloud_server/nxg/edgeSide_business/backend/node_modules/express/lib/router/route.js:119:3)
    at Layer.handle [as handle_request] (/home/cloud_server/nxg/edgeSide_business/backend/node_modules/express/lib/router/layer.js:95:5)
    at /home/cloud_server/nxg/edgeSide_business/backend/node_modules/express/lib/router/index.js:284:15
    at Function.process_params (/home/cloud_server/nxg/edgeSide_business/backend/node_modules/express/lib/router/index.js:346:12)
    at next (/home/cloud_server/nxg/edgeSide_business/backend/node_modules/express/lib/router/index.js:280:10)
    at Function.handle (/home/cloud_server/nxg/edgeSide_business/backend/node_modules/express/lib/router/index.js:175:3)
2025-04-27 17:23:34: [ERROR] 2025-04-27T09:23:34.581Z: Controller Error: TypeError: Cannot read properties of undefined (reading 'push')
    at MainModelService.selectSystem (/home/cloud_server/nxg/edgeSide_business/backend/services/mainModel.js:45:27)
    at exports.selectSystem (/home/cloud_server/nxg/edgeSide_business/backend/controllers/mainModel.js:13:47)
    at Layer.handle [as handle_request] (/home/cloud_server/nxg/edgeSide_business/backend/node_modules/express/lib/router/layer.js:95:5)
    at next (/home/cloud_server/nxg/edgeSide_business/backend/node_modules/express/lib/router/route.js:149:13)
    at Route.dispatch (/home/cloud_server/nxg/edgeSide_business/backend/node_modules/express/lib/router/route.js:119:3)
    at Layer.handle [as handle_request] (/home/cloud_server/nxg/edgeSide_business/backend/node_modules/express/lib/router/layer.js:95:5)
    at /home/cloud_server/nxg/edgeSide_business/backend/node_modules/express/lib/router/index.js:284:15
    at Function.process_params (/home/cloud_server/nxg/edgeSide_business/backend/node_modules/express/lib/router/index.js:346:12)
    at next (/home/cloud_server/nxg/edgeSide_business/backend/node_modules/express/lib/router/index.js:280:10)
    at Function.handle (/home/cloud_server/nxg/edgeSide_business/backend/node_modules/express/lib/router/index.js:175:3)
2025-04-27 17:24:37: Error selecting system: Error: 不支持的系统类型
    at MainModelService.selectSystem (/home/cloud_server/nxg/edgeSide_business/backend/services/mainModel.js:19:23)
    at exports.selectSystem (/home/cloud_server/nxg/edgeSide_business/backend/controllers/mainModel.js:13:47)
    at Layer.handle [as handle_request] (/home/cloud_server/nxg/edgeSide_business/backend/node_modules/express/lib/router/layer.js:95:5)
    at next (/home/cloud_server/nxg/edgeSide_business/backend/node_modules/express/lib/router/route.js:149:13)
    at Route.dispatch (/home/cloud_server/nxg/edgeSide_business/backend/node_modules/express/lib/router/route.js:119:3)
    at Layer.handle [as handle_request] (/home/cloud_server/nxg/edgeSide_business/backend/node_modules/express/lib/router/layer.js:95:5)
    at /home/cloud_server/nxg/edgeSide_business/backend/node_modules/express/lib/router/index.js:284:15
    at Function.process_params (/home/cloud_server/nxg/edgeSide_business/backend/node_modules/express/lib/router/index.js:346:12)
    at next (/home/cloud_server/nxg/edgeSide_business/backend/node_modules/express/lib/router/index.js:280:10)
    at Function.handle (/home/cloud_server/nxg/edgeSide_business/backend/node_modules/express/lib/router/index.js:175:3)
2025-04-27 17:24:37: [ERROR] 2025-04-27T09:24:37.188Z: Controller Error: TypeError: Cannot read properties of undefined (reading 'push')
    at MainModelService.selectSystem (/home/cloud_server/nxg/edgeSide_business/backend/services/mainModel.js:45:27)
    at exports.selectSystem (/home/cloud_server/nxg/edgeSide_business/backend/controllers/mainModel.js:13:47)
    at Layer.handle [as handle_request] (/home/cloud_server/nxg/edgeSide_business/backend/node_modules/express/lib/router/layer.js:95:5)
    at next (/home/cloud_server/nxg/edgeSide_business/backend/node_modules/express/lib/router/route.js:149:13)
    at Route.dispatch (/home/cloud_server/nxg/edgeSide_business/backend/node_modules/express/lib/router/route.js:119:3)
    at Layer.handle [as handle_request] (/home/cloud_server/nxg/edgeSide_business/backend/node_modules/express/lib/router/layer.js:95:5)
    at /home/cloud_server/nxg/edgeSide_business/backend/node_modules/express/lib/router/index.js:284:15
    at Function.process_params (/home/cloud_server/nxg/edgeSide_business/backend/node_modules/express/lib/router/index.js:346:12)
    at next (/home/cloud_server/nxg/edgeSide_business/backend/node_modules/express/lib/router/index.js:280:10)
    at Function.handle (/home/cloud_server/nxg/edgeSide_business/backend/node_modules/express/lib/router/index.js:175:3)
2025-04-27 17:26:59: Error selecting system: Error: 不支持的系统类型
    at MainModelService.selectSystem (/home/cloud_server/nxg/edgeSide_business/backend/services/mainModel.js:19:23)
    at exports.selectSystem (/home/cloud_server/nxg/edgeSide_business/backend/controllers/mainModel.js:13:47)
    at Layer.handle [as handle_request] (/home/cloud_server/nxg/edgeSide_business/backend/node_modules/express/lib/router/layer.js:95:5)
    at next (/home/cloud_server/nxg/edgeSide_business/backend/node_modules/express/lib/router/route.js:149:13)
    at Route.dispatch (/home/cloud_server/nxg/edgeSide_business/backend/node_modules/express/lib/router/route.js:119:3)
    at Layer.handle [as handle_request] (/home/cloud_server/nxg/edgeSide_business/backend/node_modules/express/lib/router/layer.js:95:5)
    at /home/cloud_server/nxg/edgeSide_business/backend/node_modules/express/lib/router/index.js:284:15
    at Function.process_params (/home/cloud_server/nxg/edgeSide_business/backend/node_modules/express/lib/router/index.js:346:12)
    at next (/home/cloud_server/nxg/edgeSide_business/backend/node_modules/express/lib/router/index.js:280:10)
    at Function.handle (/home/cloud_server/nxg/edgeSide_business/backend/node_modules/express/lib/router/index.js:175:3)
2025-04-27 17:26:59: [ERROR] 2025-04-27T09:26:59.503Z: Controller Error: TypeError: Cannot read properties of undefined (reading 'push')
    at MainModelService.selectSystem (/home/cloud_server/nxg/edgeSide_business/backend/services/mainModel.js:45:27)
    at exports.selectSystem (/home/cloud_server/nxg/edgeSide_business/backend/controllers/mainModel.js:13:47)
    at Layer.handle [as handle_request] (/home/cloud_server/nxg/edgeSide_business/backend/node_modules/express/lib/router/layer.js:95:5)
    at next (/home/cloud_server/nxg/edgeSide_business/backend/node_modules/express/lib/router/route.js:149:13)
    at Route.dispatch (/home/cloud_server/nxg/edgeSide_business/backend/node_modules/express/lib/router/route.js:119:3)
    at Layer.handle [as handle_request] (/home/cloud_server/nxg/edgeSide_business/backend/node_modules/express/lib/router/layer.js:95:5)
    at /home/cloud_server/nxg/edgeSide_business/backend/node_modules/express/lib/router/index.js:284:15
    at Function.process_params (/home/cloud_server/nxg/edgeSide_business/backend/node_modules/express/lib/router/index.js:346:12)
    at next (/home/cloud_server/nxg/edgeSide_business/backend/node_modules/express/lib/router/index.js:280:10)
    at Function.handle (/home/cloud_server/nxg/edgeSide_business/backend/node_modules/express/lib/router/index.js:175:3)
